<?xml version="1.0" encoding="UTF-8"?>
<testsuite xmlns:xsi="http://www.w3.org/2001/XMLSchema-instance" xsi:noNamespaceSchemaLocation="https://maven.apache.org/surefire/maven-surefire-plugin/xsd/surefire-test-report.xsd" name="com.example.AppTest" time="0.015" tests="1" errors="0" skipped="0" failures="0">
  <properties>
    <property name="java.specification.version" value="18"/>
    <property name="sun.jnu.encoding" value="UTF-8"/>
    <property name="java.class.path" value="/home/jheredia/IdeaProjects/demoProject/demo/target/test-classes:/home/jheredia/IdeaProjects/demoProject/demo/target/classes:/home/jheredia/.m2/repository/junit/junit/4.11/junit-4.11.jar:/home/jheredia/.m2/repository/org/hamcrest/hamcrest-core/2.2/hamcrest-core-2.2.jar:/home/jheredia/.m2/repository/org/hamcrest/hamcrest/2.2/hamcrest-2.2.jar:/home/jheredia/.m2/repository/org/springframework/boot/spring-boot-starter-web/2.3.6.RELEASE/spring-boot-starter-web-2.3.6.RELEASE.jar:/home/jheredia/.m2/repository/org/springframework/boot/spring-boot-starter/2.7.1/spring-boot-starter-2.7.1.jar:/home/jheredia/.m2/repository/org/springframework/boot/spring-boot/2.7.1/spring-boot-2.7.1.jar:/home/jheredia/.m2/repository/org/springframework/boot/spring-boot-autoconfigure/2.7.1/spring-boot-autoconfigure-2.7.1.jar:/home/jheredia/.m2/repository/org/springframework/boot/spring-boot-starter-logging/2.7.1/spring-boot-starter-logging-2.7.1.jar:/home/jheredia/.m2/repository/ch/qos/logback/logback-classic/1.2.11/logback-classic-1.2.11.jar:/home/jheredia/.m2/repository/ch/qos/logback/logback-core/1.2.11/logback-core-1.2.11.jar:/home/jheredia/.m2/repository/org/slf4j/slf4j-api/1.7.36/slf4j-api-1.7.36.jar:/home/jheredia/.m2/repository/org/apache/logging/log4j/log4j-to-slf4j/2.17.2/log4j-to-slf4j-2.17.2.jar:/home/jheredia/.m2/repository/org/apache/logging/log4j/log4j-api/2.17.2/log4j-api-2.17.2.jar:/home/jheredia/.m2/repository/org/slf4j/jul-to-slf4j/1.7.36/jul-to-slf4j-1.7.36.jar:/home/jheredia/.m2/repository/jakarta/annotation/jakarta.annotation-api/1.3.5/jakarta.annotation-api-1.3.5.jar:/home/jheredia/.m2/repository/org/springframework/spring-core/5.3.21/spring-core-5.3.21.jar:/home/jheredia/.m2/repository/org/springframework/spring-jcl/5.3.21/spring-jcl-5.3.21.jar:/home/jheredia/.m2/repository/org/yaml/snakeyaml/1.30/snakeyaml-1.30.jar:/home/jheredia/.m2/repository/org/springframework/boot/spring-boot-starter-json/2.7.1/spring-boot-starter-json-2.7.1.jar:/home/jheredia/.m2/repository/com/fasterxml/jackson/core/jackson-databind/2.13.3/jackson-databind-2.13.3.jar:/home/jheredia/.m2/repository/com/fasterxml/jackson/core/jackson-annotations/2.13.3/jackson-annotations-2.13.3.jar:/home/jheredia/.m2/repository/com/fasterxml/jackson/core/jackson-core/2.13.3/jackson-core-2.13.3.jar:/home/jheredia/.m2/repository/com/fasterxml/jackson/datatype/jackson-datatype-jdk8/2.13.3/jackson-datatype-jdk8-2.13.3.jar:/home/jheredia/.m2/repository/com/fasterxml/jackson/datatype/jackson-datatype-jsr310/2.13.3/jackson-datatype-jsr310-2.13.3.jar:/home/jheredia/.m2/repository/com/fasterxml/jackson/module/jackson-module-parameter-names/2.13.3/jackson-module-parameter-names-2.13.3.jar:/home/jheredia/.m2/repository/org/springframework/boot/spring-boot-starter-tomcat/2.7.1/spring-boot-starter-tomcat-2.7.1.jar:/home/jheredia/.m2/repository/org/apache/tomcat/embed/tomcat-embed-core/9.0.64/tomcat-embed-core-9.0.64.jar:/home/jheredia/.m2/repository/org/apache/tomcat/embed/tomcat-embed-el/9.0.64/tomcat-embed-el-9.0.64.jar:/home/jheredia/.m2/repository/org/apache/tomcat/embed/tomcat-embed-websocket/9.0.64/tomcat-embed-websocket-9.0.64.jar:/home/jheredia/.m2/repository/org/springframework/spring-web/5.3.21/spring-web-5.3.21.jar:/home/jheredia/.m2/repository/org/springframework/spring-beans/5.3.21/spring-beans-5.3.21.jar:/home/jheredia/.m2/repository/org/springframework/spring-webmvc/5.3.21/spring-webmvc-5.3.21.jar:/home/jheredia/.m2/repository/org/springframework/spring-aop/5.3.21/spring-aop-5.3.21.jar:/home/jheredia/.m2/repository/org/springframework/spring-context/5.3.21/spring-context-5.3.21.jar:/home/jheredia/.m2/repository/org/springframework/spring-expression/5.3.21/spring-expression-5.3.21.jar:/home/jheredia/.m2/repository/org/projectlombok/lombok/1.18.24/lombok-1.18.24.jar:"/>
    <property name="java.vm.vendor" value="Private Build"/>
    <property name="sun.arch.data.model" value="64"/>
    <property name="java.vendor.url" value="Unknown"/>
    <property name="os.name" value="Linux"/>
    <property name="java.vm.specification.version" value="18"/>
    <property name="sun.java.launcher" value="SUN_STANDARD"/>
    <property name="user.country" value="ES"/>
    <property name="sun.boot.library.path" value="/usr/lib/jvm/java-18-openjdk-amd64/lib"/>
    <property name="sun.java.command" value="/home/jheredia/IdeaProjects/demoProject/demo/target/surefire/surefirebooter10160741334797318500.jar /home/jheredia/IdeaProjects/demoProject/demo/target/surefire 2022-08-17T14-39-47_723-jvmRun1 surefire16322537852632877323tmp surefire_018186716717932667344tmp"/>
    <property name="jdk.debug" value="release"/>
    <property name="surefire.test.class.path" value="/home/jheredia/IdeaProjects/demoProject/demo/target/test-classes:/home/jheredia/IdeaProjects/demoProject/demo/target/classes:/home/jheredia/.m2/repository/junit/junit/4.11/junit-4.11.jar:/home/jheredia/.m2/repository/org/hamcrest/hamcrest-core/2.2/hamcrest-core-2.2.jar:/home/jheredia/.m2/repository/org/hamcrest/hamcrest/2.2/hamcrest-2.2.jar:/home/jheredia/.m2/repository/org/springframework/boot/spring-boot-starter-web/2.3.6.RELEASE/spring-boot-starter-web-2.3.6.RELEASE.jar:/home/jheredia/.m2/repository/org/springframework/boot/spring-boot-starter/2.7.1/spring-boot-starter-2.7.1.jar:/home/jheredia/.m2/repository/org/springframework/boot/spring-boot/2.7.1/spring-boot-2.7.1.jar:/home/jheredia/.m2/repository/org/springframework/boot/spring-boot-autoconfigure/2.7.1/spring-boot-autoconfigure-2.7.1.jar:/home/jheredia/.m2/repository/org/springframework/boot/spring-boot-starter-logging/2.7.1/spring-boot-starter-logging-2.7.1.jar:/home/jheredia/.m2/repository/ch/qos/logback/logback-classic/1.2.11/logback-classic-1.2.11.jar:/home/jheredia/.m2/repository/ch/qos/logback/logback-core/1.2.11/logback-core-1.2.11.jar:/home/jheredia/.m2/repository/org/slf4j/slf4j-api/1.7.36/slf4j-api-1.7.36.jar:/home/jheredia/.m2/repository/org/apache/logging/log4j/log4j-to-slf4j/2.17.2/log4j-to-slf4j-2.17.2.jar:/home/jheredia/.m2/repository/org/apache/logging/log4j/log4j-api/2.17.2/log4j-api-2.17.2.jar:/home/jheredia/.m2/repository/org/slf4j/jul-to-slf4j/1.7.36/jul-to-slf4j-1.7.36.jar:/home/jheredia/.m2/repository/jakarta/annotation/jakarta.annotation-api/1.3.5/jakarta.annotation-api-1.3.5.jar:/home/jheredia/.m2/repository/org/springframework/spring-core/5.3.21/spring-core-5.3.21.jar:/home/jheredia/.m2/repository/org/springframework/spring-jcl/5.3.21/spring-jcl-5.3.21.jar:/home/jheredia/.m2/repository/org/yaml/snakeyaml/1.30/snakeyaml-1.30.jar:/home/jheredia/.m2/repository/org/springframework/boot/spring-boot-starter-json/2.7.1/spring-boot-starter-json-2.7.1.jar:/home/jheredia/.m2/repository/com/fasterxml/jackson/core/jackson-databind/2.13.3/jackson-databind-2.13.3.jar:/home/jheredia/.m2/repository/com/fasterxml/jackson/core/jackson-annotations/2.13.3/jackson-annotations-2.13.3.jar:/home/jheredia/.m2/repository/com/fasterxml/jackson/core/jackson-core/2.13.3/jackson-core-2.13.3.jar:/home/jheredia/.m2/repository/com/fasterxml/jackson/datatype/jackson-datatype-jdk8/2.13.3/jackson-datatype-jdk8-2.13.3.jar:/home/jheredia/.m2/repository/com/fasterxml/jackson/datatype/jackson-datatype-jsr310/2.13.3/jackson-datatype-jsr310-2.13.3.jar:/home/jheredia/.m2/repository/com/fasterxml/jackson/module/jackson-module-parameter-names/2.13.3/jackson-module-parameter-names-2.13.3.jar:/home/jheredia/.m2/repository/org/springframework/boot/spring-boot-starter-tomcat/2.7.1/spring-boot-starter-tomcat-2.7.1.jar:/home/jheredia/.m2/repository/org/apache/tomcat/embed/tomcat-embed-core/9.0.64/tomcat-embed-core-9.0.64.jar:/home/jheredia/.m2/repository/org/apache/tomcat/embed/tomcat-embed-el/9.0.64/tomcat-embed-el-9.0.64.jar:/home/jheredia/.m2/repository/org/apache/tomcat/embed/tomcat-embed-websocket/9.0.64/tomcat-embed-websocket-9.0.64.jar:/home/jheredia/.m2/repository/org/springframework/spring-web/5.3.21/spring-web-5.3.21.jar:/home/jheredia/.m2/repository/org/springframework/spring-beans/5.3.21/spring-beans-5.3.21.jar:/home/jheredia/.m2/repository/org/springframework/spring-webmvc/5.3.21/spring-webmvc-5.3.21.jar:/home/jheredia/.m2/repository/org/springframework/spring-aop/5.3.21/spring-aop-5.3.21.jar:/home/jheredia/.m2/repository/org/springframework/spring-context/5.3.21/spring-context-5.3.21.jar:/home/jheredia/.m2/repository/org/springframework/spring-expression/5.3.21/spring-expression-5.3.21.jar:/home/jheredia/.m2/repository/org/projectlombok/lombok/1.18.24/lombok-1.18.24.jar:"/>
    <property name="sun.cpu.endian" value="little"/>
    <property name="user.home" value="/home/jheredia"/>
    <property name="user.language" value="es"/>
    <property name="java.specification.vendor" value="Oracle Corporation"/>
    <property name="java.version.date" value="2022-07-19"/>
    <property name="java.home" value="/usr/lib/jvm/java-18-openjdk-amd64"/>
    <property name="file.separator" value="/"/>
    <property name="basedir" value="/home/jheredia/IdeaProjects/demoProject/demo"/>
    <property name="java.vm.compressedOopsMode" value="32-bit"/>
    <property name="line.separator" value="&#10;"/>
    <property name="java.vm.specification.vendor" value="Oracle Corporation"/>
    <property name="java.specification.name" value="Java Platform API Specification"/>
    <property name="surefire.real.class.path" value="/home/jheredia/IdeaProjects/demoProject/demo/target/surefire/surefirebooter10160741334797318500.jar"/>
    <property name="sun.management.compiler" value="HotSpot 64-Bit Tiered Compilers"/>
    <property name="java.runtime.version" value="18.0.2-ea+9-Ubuntu-222.04"/>
    <property name="user.name" value="jheredia"/>
    <property name="path.separator" value=":"/>
    <property name="os.version" value="5.15.0-46-generic"/>
    <property name="java.runtime.name" value="OpenJDK Runtime Environment"/>
    <property name="file.encoding" value="UTF-8"/>
    <property name="java.vm.name" value="OpenJDK 64-Bit Server VM"/>
    <property name="localRepository" value="/home/jheredia/.m2/repository"/>
    <property name="java.vendor.url.bug" value="Unknown"/>
    <property name="java.io.tmpdir" value="/tmp"/>
    <property name="java.version" value="18.0.2-ea"/>
    <property name="user.dir" value="/home/jheredia/IdeaProjects/demoProject/demo"/>
    <property name="os.arch" value="amd64"/>
    <property name="java.vm.specification.name" value="Java Virtual Machine Specification"/>
    <property name="native.encoding" value="UTF-8"/>
    <property name="java.library.path" value="/usr/java/packages/lib:/usr/lib/x86_64-linux-gnu/jni:/lib/x86_64-linux-gnu:/usr/lib/x86_64-linux-gnu:/usr/lib/jni:/lib:/usr/lib"/>
    <property name="java.vm.info" value="mixed mode, sharing"/>
    <property name="java.vendor" value="Private Build"/>
    <property name="java.vm.version" value="18.0.2-ea+9-Ubuntu-222.04"/>
    <property name="sun.io.unicode.encoding" value="UnicodeLittle"/>
    <property name="java.class.version" value="62.0"/>
  </properties>
  <testcase name="shouldAnswerWithTrue" classname="com.example.AppTest" time="0.002"/>
</testsuite>